<?xml version="1.0" encoding="UTF-8"?>
<!-- Generated by org.testng.reporters.JUnitXMLReporter -->
<testsuite ignored="0" hostname="DESKTOP-6V6K2PS" failures="1" tests="1" name="Test" time="0.26" errors="0" timestamp="2024-08-17T22:16:06 IST">
  <testcase classname="testPacknew.TstNg1" name="SecondTest" time="0.029">
    <failure type="java.lang.AssertionError" message="The following asserts failed:
	null">
      <![CDATA[java.lang.AssertionError: The following asserts failed:
null
at testPacknew.TstNg1.SecondTest(TstNg1.java:13)
at java.base/java.util.ArrayList.forEach(ArrayList.java:1596)
... Removed 27 stack frames]]>
    </failure>
  </testcase> <!-- SecondTest -->
</testsuite> <!-- Test -->
