<?xml version="1.0" encoding="UTF-8"?>
<testng-results ignored="0" total="1" passed="1" failed="0" skipped="0">
  <reporter-output>
  </reporter-output>
  <suite started-at="2024-08-17T22:24:56 IST" name="Default suite" finished-at="2024-08-17T22:25:11 IST" duration-ms="15985">
    <groups>
    </groups>
    <test started-at="2024-08-17T22:24:56 IST" name="Default test" finished-at="2024-08-17T22:25:11 IST" duration-ms="15985">
      <class name="testPacknew.TestSelClass">
        <test-method signature="intiateBrowser()[pri:0, instance:testPacknew.TestSelClass@4c583ecf]" started-at="2024-08-17T22:24:56 IST" name="intiateBrowser" finished-at="2024-08-17T22:25:11 IST" duration-ms="15906" status="PASS">
          <reporter-output>
          </reporter-output>
        </test-method> <!-- intiateBrowser -->
      </class> <!-- testPacknew.TestSelClass -->
    </test> <!-- Default test -->
  </suite> <!-- Default suite -->
</testng-results>
